<?xml version="1.0" encoding="UTF-8"?>
<!-- Generated by org.testng.reporters.JUnitReportReporter -->
<testsuite hostname="Ammu8867" failures="0" tests="1" name="Ameer.GoibiboPrjPOMTests.Goibibo_TC14" time="15.157" errors="0" timestamp="2024-04-10T13:40:39 IST" skipped="0">
  <testcase classname="Ameer.GoibiboPrjPOMTests.Goibibo_TC14" name="ROundTripDomesticFlightSerach" time="15.157">
    <system-out>
      <![CDATA[Test Case Success while execution hence takeing Sceenshoot]]>
    </system-out>
  </testcase> <!-- ROundTripDomesticFlightSerach -->
  <system-out>
    <![CDATA[Test Case Success while execution hence takeing Sceenshoot
Test Case Success while execution hence takeing Sceenshoot
Test Case Failed while execution hence takeing Sceenshoot
Test Case Success while execution hence takeing Sceenshoot
Test Case Success while execution hence takeing Sceenshoot
Test Case Success while execution hence takeing Sceenshoot
Test Case Success while execution hence takeing Sceenshoot
Test Case Success while execution hence takeing Sceenshoot
Test Case Failed while execution hence takeing Sceenshoot
Test Case Failed while execution hence takeing Sceenshoot
Test Case Failed while execution hence takeing Sceenshoot
Test Case Success while execution hence takeing Sceenshoot
Test Case Failed while execution hence takeing Sceenshoot
Test Case Failed while execution hence takeing Sceenshoot
Test Case Success while execution hence takeing Sceenshoot
Test Case Failed while execution hence takeing Sceenshoot]]>
  </system-out>
</testsuite> <!-- Ameer.GoibiboPrjPOMTests.Goibibo_TC14 -->
